<?xml version="1.0" encoding="UTF-8"?>
<!-- Generated by org.testng.reporters.JUnitReportReporter -->
<testsuite hostname="DESKTOP-MSSFI2A" failures="0" tests="1" name="runnerPackage.TestRunnerCustomer360" time="24.427" errors="0" timestamp="2024-08-29T16:29:36 SAST" skipped="0">
  <testcase classname="runnerPackage.TestRunnerCustomer360" name="runScenario" time="24.427"/>
</testsuite> <!-- runnerPackage.TestRunnerCustomer360 -->
